This is pdfTeX, Version 3.14159265-2.6-1.40.21 (MiKTeX 2.9.7300 64-bit) (preloaded format=pdflatex 2020.3.5)  7 JUN 2020 12:18
entering extended mode
**./sprawozdanie.tex
(sprawozdanie.tex
LaTeX2e <2020-02-02> patch level 2
L3 programming layer <2020-02-14> (classrep.cls
Document Class: classrep 2009/11/27 ICS Class Assignment Report
("C:\Program Files\MiKTeX 2.9\tex/latex/mwcls\mwart.cls"
Document Class: mwart 2017/05/13 v0.75 A LaTeX document class (MW)
*** Beta version. Formatting may change
*** in future versions of this class.
("C:\Program Files\MiKTeX 2.9\tex/latex/mwcls\mw12.clo"
File: mw12.clo 2017/05/13 v0.75 A document class size option (MW)
)
\@parindent=\dimen134
\c@part=\count167
\c@section=\count168
\c@subsection=\count169
\c@subsubsection=\count170
\c@paragraph=\count171
\c@subparagraph=\count172
\c@figure=\count173
\c@table=\count174
\abovecaptionskip=\skip47
\belowcaptionskip=\skip48
\bibindent=\dimen135
)
("C:\Program Files\MiKTeX 2.9\tex/latex/polski\polski.sty"
Package: polski 2017/05/04 v1.3.4 Polish language package

("C:\Program Files\MiKTeX 2.9\tex/latex/base\ot4enc.def"
File: ot4enc.def 2020/02/11 v2.0o Standard LaTeX file
Now handling font encoding OT4 ...
... no UTF-8 mapping file for font encoding OT4
))
("C:\Program Files\MiKTeX 2.9\tex/latex/url\url.sty"
\Urlmuskip=\muskip16
Package: url 2013/09/16  ver 3.4  Verb mode for urls, etc.
))
("C:\Program Files\MiKTeX 2.9\tex/latex/graphics\color.sty"
Package: color 2019/11/23 v1.2a Standard LaTeX Color (DPC)

("C:\Program Files\MiKTeX 2.9\tex/latex/graphics-cfg\color.cfg"
File: color.cfg 2016/01/02 v1.6 sample color configuration
)
Package color Info: Driver file: pdftex.def on input line 147.

("C:\Program Files\MiKTeX 2.9\tex/latex/graphics-def\pdftex.def"
File: pdftex.def 2018/01/08 v1.0l Graphics/color driver for pdftex
))
("C:\Program Files\MiKTeX 2.9\tex/latex/hyperref\hyperref.sty"
Package: hyperref 2020/01/14 v7.00d Hypertext links for LaTeX

("C:\Program Files\MiKTeX 2.9\tex/generic/ltxcmds\ltxcmds.sty"
Package: ltxcmds 2019/12/15 v1.24 LaTeX kernel commands for general use (HO)
)
("C:\Program Files\MiKTeX 2.9\tex/generic/iftex\iftex.sty"
Package: iftex 2019/11/07 v1.0c TeX engine tests
)
("C:\Program Files\MiKTeX 2.9\tex/latex/pdftexcmds\pdftexcmds.sty"
Package: pdftexcmds 2019/11/24 v0.31 Utility functions of pdfTeX for LuaTeX (HO
)

("C:\Program Files\MiKTeX 2.9\tex/generic/infwarerr\infwarerr.sty"
Package: infwarerr 2019/12/03 v1.5 Providing info/warning/error messages (HO)
)
Package pdftexcmds Info: \pdf@primitive is available.
Package pdftexcmds Info: \pdf@ifprimitive is available.
Package pdftexcmds Info: \pdfdraftmode found.
)
("C:\Program Files\MiKTeX 2.9\tex/latex/graphics\keyval.sty"
Package: keyval 2014/10/28 v1.15 key=value parser (DPC)
\KV@toks@=\toks14
)
("C:\Program Files\MiKTeX 2.9\tex/generic/kvsetkeys\kvsetkeys.sty"
Package: kvsetkeys 2019/12/15 v1.18 Key value parser (HO)
)
("C:\Program Files\MiKTeX 2.9\tex/generic/kvdefinekeys\kvdefinekeys.sty"
Package: kvdefinekeys 2019-12-19 v1.6 Define keys (HO)
)
("C:\Program Files\MiKTeX 2.9\tex/generic/pdfescape\pdfescape.sty"
Package: pdfescape 2019/12/09 v1.15 Implements pdfTeX's escape features (HO)
)
("C:\Program Files\MiKTeX 2.9\tex/latex/hycolor\hycolor.sty"
Package: hycolor 2020-01-27 v1.10 Color options for hyperref/bookmark (HO)
)
("C:\Program Files\MiKTeX 2.9\tex/latex/letltxmacro\letltxmacro.sty"
Package: letltxmacro 2019/12/03 v1.6 Let assignment for LaTeX macros (HO)
)
("C:\Program Files\MiKTeX 2.9\tex/latex/auxhook\auxhook.sty"
Package: auxhook 2019-12-17 v1.6 Hooks for auxiliary files (HO)
)
("C:\Program Files\MiKTeX 2.9\tex/latex/kvoptions\kvoptions.sty"
Package: kvoptions 2019/11/29 v3.13 Key value format for package options (HO)
)
\@linkdim=\dimen136
\Hy@linkcounter=\count175
\Hy@pagecounter=\count176

("C:\Program Files\MiKTeX 2.9\tex/latex/hyperref\pd1enc.def"
File: pd1enc.def 2020/01/14 v7.00d Hyperref: PDFDocEncoding definition (HO)
Now handling font encoding PD1 ...
... no UTF-8 mapping file for font encoding PD1
)
("C:\Program Files\MiKTeX 2.9\tex/generic/intcalc\intcalc.sty"
Package: intcalc 2019/12/15 v1.3 Expandable calculations with integers (HO)
)
("C:\Program Files\MiKTeX 2.9\tex/generic/etexcmds\etexcmds.sty"
Package: etexcmds 2019/12/15 v1.7 Avoid name clashes with e-TeX commands (HO)
)
\Hy@SavedSpaceFactor=\count177
Package hyperref Info: Hyper figures OFF on input line 4547.
Package hyperref Info: Link nesting OFF on input line 4552.
Package hyperref Info: Hyper index ON on input line 4555.
Package hyperref Info: Plain pages OFF on input line 4562.
Package hyperref Info: Backreferencing OFF on input line 4567.
Package hyperref Info: Implicit mode ON; LaTeX internals redefined.
Package hyperref Info: Bookmarks ON on input line 4800.
\c@Hy@tempcnt=\count178
LaTeX Info: Redefining \url on input line 5159.
\XeTeXLinkMargin=\dimen137

("C:\Program Files\MiKTeX 2.9\tex/generic/bitset\bitset.sty"
Package: bitset 2019/12/09 v1.3 Handle bit-vector datatype (HO)

("C:\Program Files\MiKTeX 2.9\tex/generic/bigintcalc\bigintcalc.sty"
Package: bigintcalc 2019/12/15 v1.5 Expandable calculations on big integers (HO
)
))
\Fld@menulength=\count179
\Field@Width=\dimen138
\Fld@charsize=\dimen139
Package hyperref Info: Hyper figures OFF on input line 6430.
Package hyperref Info: Link nesting OFF on input line 6435.
Package hyperref Info: Hyper index ON on input line 6438.
Package hyperref Info: backreferencing OFF on input line 6445.
Package hyperref Info: Link coloring OFF on input line 6450.
Package hyperref Info: Link coloring with OCG OFF on input line 6455.
Package hyperref Info: PDF/A mode OFF on input line 6460.
LaTeX Info: Redefining \ref on input line 6500.
LaTeX Info: Redefining \pageref on input line 6504.

("C:\Program Files\MiKTeX 2.9\tex/generic/atbegshi\atbegshi.sty"
Package: atbegshi 2019/12/05 v1.19 At begin shipout hook (HO)
)
\Hy@abspage=\count180
\c@Item=\count181
\c@Hfootnote=\count182
)
Package hyperref Info: Driver (autodetected): hpdftex.

("C:\Program Files\MiKTeX 2.9\tex/latex/hyperref\hpdftex.def"
File: hpdftex.def 2020/01/14 v7.00d Hyperref driver for pdfTeX

("C:\Program Files\MiKTeX 2.9\tex/latex/atveryend\atveryend.sty"
Package: atveryend 2019-12-11 v1.11 Hooks at the very end of document (HO)
Package atveryend Info: \enddocument detected (standard20110627).
)
\Fld@listcount=\count183
\c@bookmark@seq@number=\count184

("C:\Program Files\MiKTeX 2.9\tex/latex/rerunfilecheck\rerunfilecheck.sty"
Package: rerunfilecheck 2019/12/05 v1.9 Rerun checks for auxiliary files (HO)

("C:\Program Files\MiKTeX 2.9\tex/generic/uniquecounter\uniquecounter.sty"
Package: uniquecounter 2019/12/15 v1.4 Provide unlimited unique counter (HO)
)
Package uniquecounter Info: New unique counter `rerunfilecheck' on input line 2
86.
)
\Hy@SectionHShift=\skip49
)
("C:\Program Files\MiKTeX 2.9\tex/latex/amsmath\amsmath.sty"
Package: amsmath 2020/01/20 v2.17e AMS math features
\@mathmargin=\skip50

For additional information on amsmath, use the `?' option.
("C:\Program Files\MiKTeX 2.9\tex/latex/amsmath\amstext.sty"
Package: amstext 2000/06/29 v2.01 AMS text

("C:\Program Files\MiKTeX 2.9\tex/latex/amsmath\amsgen.sty"
File: amsgen.sty 1999/11/30 v2.0 generic functions
\@emptytoks=\toks15
\ex@=\dimen140
))
("C:\Program Files\MiKTeX 2.9\tex/latex/amsmath\amsbsy.sty"
Package: amsbsy 1999/11/29 v1.2d Bold Symbols
\pmbraise@=\dimen141
)
("C:\Program Files\MiKTeX 2.9\tex/latex/amsmath\amsopn.sty"
Package: amsopn 2016/03/08 v2.02 operator names
)
\inf@bad=\count185
LaTeX Info: Redefining \frac on input line 227.
\uproot@=\count186
\leftroot@=\count187
LaTeX Info: Redefining \overline on input line 389.
\classnum@=\count188
\DOTSCASE@=\count189
LaTeX Info: Redefining \ldots on input line 486.
LaTeX Info: Redefining \dots on input line 489.
LaTeX Info: Redefining \cdots on input line 610.
\Mathstrutbox@=\box45
\strutbox@=\box46
\big@size=\dimen142
LaTeX Font Info:    Redeclaring font encoding OML on input line 733.
LaTeX Font Info:    Redeclaring font encoding OMS on input line 734.
\macc@depth=\count190
\c@MaxMatrixCols=\count191
\dotsspace@=\muskip17
\c@parentequation=\count192
\dspbrk@lvl=\count193
\tag@help=\toks16
\row@=\count194
\column@=\count195
\maxfields@=\count196
\andhelp@=\toks17
\eqnshift@=\dimen143
\alignsep@=\dimen144
\tagshift@=\dimen145
\tagwidth@=\dimen146
\totwidth@=\dimen147
\lineht@=\dimen148
\@envbody=\toks18
\multlinegap=\skip51
\multlinetaggap=\skip52
\mathdisplay@stack=\toks19
LaTeX Info: Redefining \[ on input line 2859.
LaTeX Info: Redefining \] on input line 2860.
)
("C:\Program Files\MiKTeX 2.9\tex/latex/base\fontenc.sty"
Package: fontenc 2020/02/11 v2.0o Standard LaTeX package
)
("C:\Program Files\MiKTeX 2.9\tex/latex/base\inputenc.sty"
Package: inputenc 2018/08/11 v1.3c Input encoding file
\inpenc@prehook=\toks20
\inpenc@posthook=\toks21
)
("C:\Program Files\MiKTeX 2.9\tex/latex/graphics\graphicx.sty"
Package: graphicx 2019/11/30 v1.2a Enhanced LaTeX Graphics (DPC,SPQR)

("C:\Program Files\MiKTeX 2.9\tex/latex/graphics\graphics.sty"
Package: graphics 2019/11/30 v1.4a Standard LaTeX Graphics (DPC,SPQR)

("C:\Program Files\MiKTeX 2.9\tex/latex/graphics\trig.sty"
Package: trig 2016/01/03 v1.10 sin cos tan (DPC)
)
("C:\Program Files\MiKTeX 2.9\tex/latex/graphics-cfg\graphics.cfg"
File: graphics.cfg 2016/06/04 v1.11 sample graphics configuration
)
Package graphics Info: Driver file: pdftex.def on input line 105.
)
\Gin@req@height=\dimen149
\Gin@req@width=\dimen150
)
("C:\Program Files\MiKTeX 2.9\tex/latex/was\upgreek.sty"
Package: upgreek 2003/02/12 v2.0 (WaS)
Package upgreek Info: Using Euler Roman for upright Greek on input line 31.
\symugrf@m=\mathgroup4
LaTeX Font Info:    Overwriting symbol font `ugrf@m' in version `bold'
(Font)                  U/eur/m/n --> U/eur/b/n on input line 38.
)
\c@defin=\count197

("C:\Program Files\MiKTeX 2.9\tex/latex/etoolbox\etoolbox.sty"
Package: etoolbox 2019/09/21 v2.5h e-TeX tools for LaTeX (JAW)
\etb@tempcnta=\count198
)
("C:\Program Files\MiKTeX 2.9\tex/latex/l3backend\l3backend-pdfmode.def"
File: l3backend-pdfmode.def 2020-02-03 L3 backend support: PDF mode
\l__kernel_color_stack_int=\count199
\l__pdf_internal_box=\box47
)
(sprawozdanie.aux)
\openout1 = `sprawozdanie.aux'.

LaTeX Font Info:    Checking defaults for OML/cmm/m/it on input line 36.
LaTeX Font Info:    ... okay on input line 36.
LaTeX Font Info:    Checking defaults for OMS/cmsy/m/n on input line 36.
LaTeX Font Info:    ... okay on input line 36.
LaTeX Font Info:    Checking defaults for OT1/cmr/m/n on input line 36.
LaTeX Font Info:    ... okay on input line 36.
LaTeX Font Info:    Checking defaults for T1/cmr/m/n on input line 36.
LaTeX Font Info:    ... okay on input line 36.
LaTeX Font Info:    Checking defaults for TS1/cmr/m/n on input line 36.
LaTeX Font Info:    ... okay on input line 36.
LaTeX Font Info:    Checking defaults for OMX/cmex/m/n on input line 36.
LaTeX Font Info:    ... okay on input line 36.
LaTeX Font Info:    Checking defaults for U/cmr/m/n on input line 36.
LaTeX Font Info:    ... okay on input line 36.
LaTeX Font Info:    Checking defaults for OT4/cmr/m/n on input line 36.
LaTeX Font Info:    Trying to load font information for OT4+cmr on input line 3
6.
 ("C:\Program Files\MiKTeX 2.9\tex/latex/polski\ot4cmr.fd"
File: ot4cmr.fd 2008/02/24 v1.2.1 Font defs for fonts PL (MW)
)
LaTeX Font Info:    ... okay on input line 36.
LaTeX Font Info:    Checking defaults for PD1/pdf/m/n on input line 36.
LaTeX Font Info:    ... okay on input line 36.

("C:\Program Files\MiKTeX 2.9\tex/context/base/mkii\supp-pdf.mkii"
[Loading MPS to PDF converter (version 2006.09.02).]
\scratchcounter=\count266
\scratchdimen=\dimen151
\scratchbox=\box48
\nofMPsegments=\count267
\nofMParguments=\count268
\everyMPshowfont=\toks22
\MPscratchCnt=\count269
\MPscratchDim=\dimen152
\MPnumerator=\count270
\makeMPintoPDFobject=\count271
\everyMPtoPDFconversion=\toks23
) ("C:\Program Files\MiKTeX 2.9\tex/latex/epstopdf-pkg\epstopdf-base.sty"
Package: epstopdf-base 2020-01-24 v2.11 Base part for package epstopdf
Package epstopdf-base Info: Redefining graphics rule for `.eps' on input line 4
85.
)
\AtBeginShipoutBox=\box49
Package hyperref Info: Link coloring OFF on input line 36.

("C:\Program Files\MiKTeX 2.9\tex/latex/hyperref\nameref.sty"
Package: nameref 2019/09/16 v2.46 Cross-referencing by name of section

("C:\Program Files\MiKTeX 2.9\tex/latex/refcount\refcount.sty"
Package: refcount 2019/12/15 v3.6 Data extraction from label references (HO)
)
("C:\Program Files\MiKTeX 2.9\tex/generic/gettitlestring\gettitlestring.sty"
Package: gettitlestring 2019/12/15 v1.6 Cleanup title references (HO)
)
\c@section@level=\count272
)
LaTeX Info: Redefining \ref on input line 36.
LaTeX Info: Redefining \pageref on input line 36.
LaTeX Info: Redefining \nameref on input line 36.

(sprawozdanie.out) (sprawozdanie.out)
\@outlinefile=\write3
\openout3 = `sprawozdanie.out'.


Underfull \hbox (badness 10000) in paragraph at lines 38--38

 []


Underfull \hbox (badness 10000) in paragraph at lines 38--38

 []

LaTeX Font Info:    Trying to load font information for T1+cmtt on input line 3
8.
("C:\Program Files\MiKTeX 2.9\tex/latex/base\t1cmtt.fd"
File: t1cmtt.fd 2019/12/16 v2.5j Standard LaTeX font definitions
) [1

{C:/Users/Radek/AppData/Local/MiKTeX/2.9/pdftex/config/pdftex.map}] [2] [3] [4]


Package hyperref Warning: Token not allowed in a PDF string (PDFDocEncoding):
(hyperref)                removing `\@ifnextchar' on input line 237.


Package hyperref Warning: Token not allowed in a PDF string (PDFDocEncoding):
(hyperref)                removing `\@ifnextchar' on input line 249.

[5]

Package hyperref Warning: Token not allowed in a PDF string (PDFDocEncoding):
(hyperref)                removing `\@ifnextchar' on input line 258.


Package hyperref Warning: Token not allowed in a PDF string (PDFDocEncoding):
(hyperref)                removing `\@ifnextchar' on input line 267.

[6]
<./rys/../uml/uml.png, id=301, 624.3325pt x 412.54124pt>
File: ./rys/../uml/uml.png Graphic file (type png)
<use ./rys/../uml/uml.png>
Package pdftex.def Info: ./rys/../uml/uml.png  used on input line 280.
(pdftex.def)             Requested size: 350.99762pt x 231.93428pt.
 [7 <./rys/../uml/uml.png>]
<./rys/zmienne/1.png, id=316, 550.30594pt x 300.3722pt>
File: ./rys/zmienne/1.png Graphic file (type png)
<use ./rys/zmienne/1.png>
Package pdftex.def Info: ./rys/zmienne/1.png  used on input line 344.
(pdftex.def)             Requested size: 350.99762pt x 191.5913pt.
 [8 <./rys/zmienne/1.png>]
<./rys/zmienne/2.png, id=331, 539.76656pt x 282.30469pt>
File: ./rys/zmienne/2.png Graphic file (type png)
<use ./rys/zmienne/2.png>
Package pdftex.def Info: ./rys/zmienne/2.png  used on input line 378.
(pdftex.def)             Requested size: 350.99762pt x 183.5777pt.
 [9 <./rys/zmienne/2.png>]
<./rys/zmienne/3.png, id=339, 545.78906pt x 286.06876pt>
File: ./rys/zmienne/3.png Graphic file (type png)
<use ./rys/zmienne/3.png>
Package pdftex.def Info: ./rys/zmienne/3.png  used on input line 412.
(pdftex.def)             Requested size: 350.99762pt x 183.96948pt.
 [10 <./rys/zmienne/3.png>]
<./rys/zmienne/4.png, id=347, 548.0475pt x 298.86656pt>
File: ./rys/zmienne/4.png Graphic file (type png)
<use ./rys/zmienne/4.png>
Package pdftex.def Info: ./rys/zmienne/4.png  used on input line 446.
(pdftex.def)             Requested size: 350.99762pt x 191.41074pt.
 [11 <./rys/zmienne/4.png>]
<./rys/zmienne/5.png, id=355, 549.55313pt x 297.36093pt>
File: ./rys/zmienne/5.png Graphic file (type png)
<use ./rys/zmienne/5.png>
Package pdftex.def Info: ./rys/zmienne/5.png  used on input line 483.
(pdftex.def)             Requested size: 350.99762pt x 189.9292pt.
 [12 <./rys/zmienne/5.png>]
<./rys/zmienne/6.png, id=363, 551.81157pt x 301.125pt>
File: ./rys/zmienne/6.png Graphic file (type png)
<use ./rys/zmienne/6.png>
Package pdftex.def Info: ./rys/zmienne/6.png  used on input line 520.
(pdftex.def)             Requested size: 350.99762pt x 191.54765pt.
 [13 <./rys/zmienne/6.png>]
<./rys/zmienne/7.png, id=372, 542.77782pt x 284.56313pt>
File: ./rys/zmienne/7.png Graphic file (type png)
<use ./rys/zmienne/7.png>
Package pdftex.def Info: ./rys/zmienne/7.png  used on input line 557.
(pdftex.def)             Requested size: 350.99762pt x 184.02594pt.
 [14 <./rys/zmienne/7.png>]
<./rys/zmienne/8.png, id=380, 548.0475pt x 298.11375pt>
File: ./rys/zmienne/8.png Graphic file (type png)
<use ./rys/zmienne/8.png>
Package pdftex.def Info: ./rys/zmienne/8.png  used on input line 592.
(pdftex.def)             Requested size: 350.99762pt x 190.9286pt.
 [15 <./rys/zmienne/8.png>]
<./rys/zmienne/9.png, id=388, 546.54187pt x 295.85532pt>
File: ./rys/zmienne/9.png Graphic file (type png)
<use ./rys/zmienne/9.png>
Package pdftex.def Info: ./rys/zmienne/9.png  used on input line 626.
(pdftex.def)             Requested size: 350.99762pt x 190.00584pt.
 [16 <./rys/zmienne/9.png>]
<./rys/zmienne/10.png, id=396, 548.0475pt x 292.09125pt>
File: ./rys/zmienne/10.png Graphic file (type png)
<use ./rys/zmienne/10.png>
Package pdftex.def Info: ./rys/zmienne/10.png  used on input line 659.
(pdftex.def)             Requested size: 350.99762pt x 187.07146pt.
 [17 <./rys/zmienne/10.png>]
<./rys/kwantyfikatorWzgledny.png, id=404, 618.81187pt x 322.95656pt>
File: ./rys/kwantyfikatorWzgledny.png Graphic file (type png)
<use ./rys/kwantyfikatorWzgledny.png>
Package pdftex.def Info: ./rys/kwantyfikatorWzgledny.png  used on input line 68
8.
(pdftex.def)             Requested size: 350.99762pt x 183.19026pt.
 [18 <./rys/kwantyfikatorWzgledny.png>]
<./rys/ex/1.png, id=413, 540.51938pt x 295.85532pt>
File: ./rys/ex/1.png Graphic file (type png)
<use ./rys/ex/1.png>
Package pdftex.def Info: ./rys/ex/1.png  used on input line 729.
(pdftex.def)             Requested size: 350.99762pt x 192.1231pt.


LaTeX Warning: `!h' float specifier changed to `!ht'.

[19 <./rys/ex/1.png>]
<./rys/ex/1b.png, id=425, 563.10374pt x 297.36093pt>
File: ./rys/ex/1b.png Graphic file (type png)
<use ./rys/ex/1b.png>
Package pdftex.def Info: ./rys/ex/1b.png  used on input line 762.
(pdftex.def)             Requested size: 350.99762pt x 185.35555pt.


LaTeX Warning: `!h' float specifier changed to `!ht'.

[20 <./rys/ex/1b.png>]
<./rys/ex/2a.png, id=434, 554.07pt x 251.43938pt>
File: ./rys/ex/2a.png Graphic file (type png)
<use ./rys/ex/2a.png>
Package pdftex.def Info: ./rys/ex/2a.png  used on input line 793.
(pdftex.def)             Requested size: 350.99762pt x 159.2824pt.
<./rys/ex/2b.png, id=435, 618.05907pt x 238.64156pt>
File: ./rys/ex/2b.png Graphic file (type png)
<use ./rys/ex/2b.png>
Package pdftex.def Info: ./rys/ex/2b.png  used on input line 819.
(pdftex.def)             Requested size: 350.99762pt x 135.52821pt.


LaTeX Warning: `!h' float specifier changed to `!ht'.


LaTeX Warning: `!h' float specifier changed to `!ht'.

[21 <./rys/ex/2a.png>]
<./rys/ex/3a.png, id=444, 543.53062pt x 324.46219pt>
File: ./rys/ex/3a.png Graphic file (type png)
<use ./rys/ex/3a.png>
Package pdftex.def Info: ./rys/ex/3a.png  used on input line 854.
(pdftex.def)             Requested size: 350.99762pt x 209.5364pt.


LaTeX Warning: `!h' float specifier changed to `!ht'.

[22 <./rys/ex/2b.png>]
<./rys/ex/4.png, id=453, 481.8pt x 243.15843pt>
File: ./rys/ex/4.png Graphic file (type png)
<use ./rys/ex/4.png>
Package pdftex.def Info: ./rys/ex/4.png  used on input line 900.
(pdftex.def)             Requested size: 350.99762pt x 177.14798pt.


LaTeX Warning: `!h' float specifier changed to `!ht'.


Underfull \vbox (badness 7595) has occurred while \output is active []

 [23 <./rys/ex/3a.png>] [24 <./rys/ex/4.png>]
Overfull \hbox (0.5468pt too wide) in paragraph at lines 940--941
[]\T1/cmr/m/n/12 Miara $\OML/cmm/m/it/12 T[]$\T1/cmr/m/n/12 , okre-±la-j¡-ca pr
e-cy-zyj-no±¢ su-ma-ry-za-to-ra naj-wi¦k-sz¡ war-to±¢ osi¡-
 []

[25]
Underfull \hbox (badness 1852) in paragraph at lines 966--970
\T1/cmr/m/n/10.95 wa-nia lin-gwi-stycz-ne. [on-li-ne] [do-st¦p 04.06.2020] http
://cejsh.icm.edu.pl/
 []


Underfull \hbox (badness 10000) in paragraph at lines 966--970
\T1/cmr/m/n/10.95 cejsh/element/bwmeta1.element.desklight-48b6e678-8bdb-4a2b-ab
79-
 []


Underfull \hbox (badness 1571) in paragraph at lines 970--972
[]\T1/cmr/m/n/10.95 Tre±¢ za-da-nia 2. [on-li-ne] [do-st¦p 04.06.2020] https://
ftims.edu.p.lodz.pl/
 []


Underfull \hbox (badness 1242) in paragraph at lines 973--974
[]\T1/cmr/m/n/10.95 https://pracownik.kul.pl/files/31717/public/Funkcje_przynal
eznosci.pdf [do-
 []


Underfull \hbox (badness 10000) in paragraph at lines 974--975
[]\T1/cmr/m/n/10.95 http://ii.uwb.edu.pl/rudnicki/wp-content/uploads/2016/02/P0
7.pdf [do-st¦p
 []

Package atveryend Info: Empty hook `BeforeClearDocument' on input line 976.
[26]
Package atveryend Info: Empty hook `AfterLastShipout' on input line 976.
 (sprawozdanie.aux)
Package atveryend Info: Executing hook `AtVeryEndDocument' on input line 976.
Package atveryend Info: Executing hook `AtEndAfterFileList' on input line 976.
Package rerunfilecheck Info: File `sprawozdanie.out' has not changed.
(rerunfilecheck)             Checksum: 4DDBC3E066939C5E21BEF3E9D3B39EF6;4502.
Package atveryend Info: Empty hook `AtVeryVeryEnd' on input line 976.
 ) 
Here is how much of TeX's memory you used:
 7211 strings out of 481556
 105127 string characters out of 2923635
 369364 words of memory out of 3000000
 22139 multiletter control sequences out of 15000+200000
 544770 words of font info for 54 fonts, out of 3000000 for 9000
 1141 hyphenation exceptions out of 8191
 36i,12n,32p,926b,388s stack positions out of 5000i,500n,10000p,200000b,50000s
 <C:\Users\Radek\AppData\Local\MiKTeX\2.9\fonts/pk/ljfour/jknappen/ec/dpi600\
ecrm1095.pk> <C:\Users\Radek\AppData\Local\MiKTeX\2.9\fonts/pk/ljfour/jknappen/
ec/dpi600\ecsl1200.pk> <C:\Users\Radek\AppData\Local\MiKTeX\2.9\fonts/pk/ljfour
/jknappen/ec/dpi600\ecti1200.pk> <C:\Users\Radek\AppData\Local\MiKTeX\2.9\fonts
/pk/ljfour/jknappen/ec/dpi600\ecbx1200.pk> <C:\Users\Radek\AppData\Local\MiKTeX
\2.9\fonts/pk/ljfour/jknappen/ec/dpi600\ecrm2074.pk> <C:\Users\Radek\AppData\Lo
cal\MiKTeX\2.9\fonts/pk/ljfour/jknappen/ec/dpi600\ecrm1440.pk> <C:\Users\Radek\
AppData\Local\MiKTeX\2.9\fonts/pk/ljfour/jknappen/ec/dpi600\ecbx1440.pk> <C:\Us
ers\Radek\AppData\Local\MiKTeX\2.9\fonts/pk/ljfour/jknappen/ec/dpi600\ecrm1200.
pk><C:/Program Files/MiKTeX 2.9/fonts/type1/public/amsfonts/cm/cmex10.pfb><C:/P
rogram Files/MiKTeX 2.9/fonts/type1/public/amsfonts/cm/cmmi10.pfb><C:/Program F
iles/MiKTeX 2.9/fonts/type1/public/amsfonts/cm/cmmi12.pfb><C:/Program Files/MiK
TeX 2.9/fonts/type1/public/amsfonts/cm/cmmi6.pfb><C:/Program Files/MiKTeX 2.9/f
onts/type1/public/amsfonts/cm/cmmi8.pfb><C:/Program Files/MiKTeX 2.9/fonts/type
1/public/amsfonts/cm/cmr12.pfb><C:/Program Files/MiKTeX 2.9/fonts/type1/public/
amsfonts/cm/cmr6.pfb><C:/Program Files/MiKTeX 2.9/fonts/type1/public/amsfonts/c
m/cmr8.pfb><C:/Program Files/MiKTeX 2.9/fonts/type1/public/amsfonts/cm/cmsy10.p
fb><C:/Program Files/MiKTeX 2.9/fonts/type1/public/amsfonts/cm/cmsy6.pfb><C:/Pr
ogram Files/MiKTeX 2.9/fonts/type1/public/amsfonts/cm/cmsy8.pfb><C:/Program Fil
es/MiKTeX 2.9/fonts/type1/public/amsfonts/euler/eurm10.pfb>
Output written on sprawozdanie.pdf (26 pages, 734320 bytes).
PDF statistics:
 964 PDF objects out of 1000 (max. 8388607)
 167 named destinations out of 1000 (max. 500000)
 523 words of extra memory for PDF output out of 10000 (max. 10000000)

